TN:
SF:src/components/Form/Login_form.jsx
FN:11,(anonymous_0)
FN:26,onSubmit
FN:80,(anonymous_2)
FNF:3
FNH:2
FNDA:11,(anonymous_0)
FNDA:2,onSubmit
FNDA:0,(anonymous_2)
DA:11,1
DA:13,11
DA:14,11
DA:15,11
DA:17,11
DA:27,2
DA:28,2
DA:33,2
DA:35,2
DA:37,2
DA:38,1
DA:39,1
DA:40,1
DA:41,1
DA:42,1
DA:43,1
DA:46,0
DA:50,11
DA:80,0
LF:19
LH:17
BRDA:37,0,0,1
BRDA:37,0,1,1
BRDA:40,1,0,1
BRDA:40,1,1,0
BRDA:58,2,0,0
BRDA:58,2,1,11
BRDA:58,3,0,11
BRDA:58,3,1,0
BRDA:70,4,0,0
BRDA:70,4,1,11
BRDA:70,5,0,11
BRDA:70,5,1,0
BRDA:72,6,0,0
BRDA:72,6,1,11
BRDA:72,7,0,11
BRDA:72,7,1,0
BRDA:74,8,0,0
BRDA:74,8,1,11
BRDA:85,9,0,0
BRDA:85,9,1,11
BRDA:85,10,0,11
BRDA:85,10,1,0
BRDA:98,11,0,1
BRDA:98,11,1,10
BRF:24
BRH:14
end_of_record
TN:
SF:src/components/Form/Matrix_form.jsx
FN:10,(anonymous_0)
FN:21,onSubmit
FNF:2
FNH:2
FNDA:7,(anonymous_0)
FNDA:1,onSubmit
DA:8,1
DA:10,1
DA:11,7
DA:12,7
DA:22,1
DA:23,1
DA:28,1
DA:29,1
DA:31,0
DA:33,1
DA:37,7
LF:11
LH:10
BRDA:41,0,0,0
BRDA:41,0,1,7
BRDA:41,1,0,7
BRDA:41,1,1,0
BRDA:53,2,0,0
BRDA:53,2,1,7
BRDA:53,3,0,7
BRDA:53,3,1,0
BRDA:55,4,0,0
BRDA:55,4,1,7
BRDA:55,5,0,7
BRDA:55,5,1,0
BRDA:68,6,0,0
BRDA:68,6,1,7
BRDA:68,7,0,7
BRDA:68,7,1,0
BRF:16
BRH:8
end_of_record
TN:
SF:src/lib/login_validate.js
FN:1,LoginValidate
FNF:1
FNH:1
FNDA:13,LoginValidate
DA:2,13
DA:4,13
DA:5,1
DA:6,12
DA:7,1
DA:10,13
DA:11,3
DA:12,10
DA:13,2
DA:14,8
DA:15,1
DA:18,13
LF:12
LH:12
BRDA:4,0,0,1
BRDA:4,0,1,12
BRDA:6,1,0,1
BRDA:6,1,1,11
BRDA:10,2,0,3
BRDA:10,2,1,10
BRDA:12,3,0,2
BRDA:12,3,1,8
BRDA:12,4,0,10
BRDA:12,4,1,9
BRDA:14,5,0,1
BRDA:14,5,1,7
BRF:12
BRH:12
end_of_record
TN:
SF:src/lib/matrix_validate.js
FN:1,MatrixValidate
FN:17,parseMatrixResponse
FNF:2
FNH:1
FNDA:4,MatrixValidate
FNDA:0,parseMatrixResponse
DA:2,4
DA:4,4
DA:5,1
DA:6,3
DA:7,1
DA:10,4
DA:11,1
DA:14,4
DA:18,0
DA:19,0
DA:20,0
DA:22,0
DA:25,0
LF:13
LH:8
BRDA:4,0,0,1
BRDA:4,0,1,3
BRDA:6,1,0,1
BRDA:6,1,1,2
BRDA:10,2,0,1
BRDA:10,2,1,3
BRDA:19,3,0,0
BRDA:19,3,1,0
BRF:8
BRH:6
end_of_record
